<?xml version="1.0" encoding="UTF-8"?>
<testsuite xmlns:xsi="http://www.w3.org/2001/XMLSchema-instance" xsi:noNamespaceSchemaLocation="https://maven.apache.org/surefire/maven-surefire-plugin/xsd/surefire-test-report-3.0.xsd" version="3.0" name="studio.ksprateek.service.ServiceApplicationTests" time="5.533" tests="1" errors="0" skipped="0" failures="0">
  <properties>
[...]
</properties>
  <testcase name="contextLoads" classname="studio.ksprateek.service.ServiceApplicationTests" time="0.819">
    <system-out><![CDATA[21:15:34.652 [main] INFO org.springframework.test.context.support.AnnotationConfigContextLoaderUtils -- Could not detect default configuration classes for test class [studio.ksprateek.service.ServiceApplicationTests]: ServiceApplicationTests does not declare any static, non-private, non-final, nested classes annotated with @Configuration.
21:15:34.781 [main] INFO org.springframework.boot.test.context.SpringBootTestContextBootstrapper -- Found @SpringBootConfiguration studio.ksprateek.service.ServiceApplication for test class studio.ksprateek.service.ServiceApplicationTests
21:15:35.009 [main] INFO org.springframework.boot.devtools.restart.RestartApplicationListener -- Restart disabled due to context in which it is running

  .   ____          _            __ _ _
 /\\ / ___'_ __ _ _(_)_ __  __ _ \ \ \ \
( ( )\___ | '_ | '_| | '_ \/ _` | \ \ \ \
 \\/  ___)| |_)| | | | | || (_| |  ) ) ) )
  '  |____| .__|_| |_|_| |_\__, | / / / /
 =========|_|==============|___/=/_/_/_/

 :: Spring Boot ::                (v3.3.5)

2024-11-21T21:15:35.540+05:30  INFO 17509 --- [service] [           main] m.p.springdotenv.DotenvPropertySource    : Initializing Dotenv with DotenvConfig{directory=null, filename=null, ignoreIfMalformed=false, ignoreIfMissing=true, systemProperties=false, prefix=null}
2024-11-21T21:15:35.574+05:30  INFO 17509 --- [service] [           main] s.k.service.ServiceApplicationTests      : Starting ServiceApplicationTests using Java 21.0.2 with PID 17509 (started by ksprateek in /home/ksprateek/Documents/SpringBootProject/spring-boot-external-projects/SIH-Finale-Dev/backend-server)
2024-11-21T21:15:35.575+05:30  INFO 17509 --- [service] [           main] s.k.service.ServiceApplicationTests      : No active profile set, falling back to 1 default profile: "default"
2024-11-21T21:15:36.761+05:30  INFO 17509 --- [service] [           main] .s.d.r.c.RepositoryConfigurationDelegate : Bootstrapping Spring Data MongoDB repositories in DEFAULT mode.
2024-11-21T21:15:36.820+05:30  INFO 17509 --- [service] [           main] .s.d.r.c.RepositoryConfigurationDelegate : Finished Spring Data repository scanning in 55 ms. Found 3 MongoDB repository interfaces.
2024-11-21T21:15:37.433+05:30  INFO 17509 --- [service] [           main] org.mongodb.driver.client                : MongoClient with metadata {"driver": {"name": "mongo-java-driver|sync|spring-boot", "version": "5.0.1"}, "os": {"type": "Linux", "name": "Linux", "architecture": "amd64", "version": "6.11.6-zabbly+"}, "platform": "Java/Oracle Corporation/21.0.2+13-LTS-58"} created with settings MongoClientSettings{readPreference=primary, writeConcern=WriteConcern{w=null, wTimeout=null ms, journal=null}, retryWrites=true, retryReads=true, readConcern=ReadConcern{level=null}, credential=MongoCredential{mechanism=null, userName='turbounicorn', source='admin', password=<hidden>, mechanismProperties=<hidden>}, transportSettings=null, commandListeners=[], codecRegistry=ProvidersCodecRegistry{codecProviders=[ValueCodecProvider{}, BsonValueCodecProvider{}, DBRefCodecProvider{}, DBObjectCodecProvider{}, DocumentCodecProvider{}, CollectionCodecProvider{}, IterableCodecProvider{}, MapCodecProvider{}, GeoJsonCodecProvider{}, GridFSFileCodecProvider{}, Jsr310CodecProvider{}, JsonObjectCodecProvider{}, BsonCodecProvider{}, EnumCodecProvider{}, com.mongodb.client.model.mql.ExpressionCodecProvider@66e827a8, com.mongodb.Jep395RecordCodecProvider@5bb911c1, com.mongodb.KotlinCodecProvider@6a55594b]}, loggerSettings=LoggerSettings{maxDocumentLength=1000}, clusterSettings={hosts=[127.0.0.1:27017], srvHost=sih-cluster.clkcp.mongodb.net, srvServiceName=mongodb, mode=MULTIPLE, requiredClusterType=REPLICA_SET, requiredReplicaSetName='atlas-s4oy5n-shard-0', serverSelector='null', clusterListeners='[]', serverSelectionTimeout='30000 ms', localThreshold='15 ms'}, socketSettings=SocketSettings{connectTimeoutMS=10000, readTimeoutMS=0, receiveBufferSize=0, proxySettings=ProxySettings{host=null, port=null, username=null, password=null}}, heartbeatSocketSettings=SocketSettings{connectTimeoutMS=10000, readTimeoutMS=10000, receiveBufferSize=0, proxySettings=ProxySettings{host=null, port=null, username=null, password=null}}, connectionPoolSettings=ConnectionPoolSettings{maxSize=100, minSize=0, maxWaitTimeMS=120000, maxConnectionLifeTimeMS=0, maxConnectionIdleTimeMS=0, maintenanceInitialDelayMS=0, maintenanceFrequencyMS=60000, connectionPoolListeners=[], maxConnecting=2}, serverSettings=ServerSettings{heartbeatFrequencyMS=10000, minHeartbeatFrequencyMS=500, serverListeners='[]', serverMonitorListeners='[]'}, sslSettings=SslSettings{enabled=true, invalidHostNameAllowed=false, context=null}, applicationName='null', compressorList=[], uuidRepresentation=JAVA_LEGACY, serverApi=null, autoEncryptionSettings=null, dnsClient=null, inetAddressResolver=null, contextProvider=null}
2024-11-21T21:15:37.695+05:30  INFO 17509 --- [service] [kcp.mongodb.net] org.mongodb.driver.cluster               : Adding discovered server sih-cluster-shard-00-01.clkcp.mongodb.net:27017 to client view of cluster
2024-11-21T21:15:37.728+05:30  INFO 17509 --- [service] [kcp.mongodb.net] org.mongodb.driver.cluster               : Adding discovered server sih-cluster-shard-00-02.clkcp.mongodb.net:27017 to client view of cluster
2024-11-21T21:15:37.732+05:30  INFO 17509 --- [service] [kcp.mongodb.net] org.mongodb.driver.cluster               : Adding discovered server sih-cluster-shard-00-00.clkcp.mongodb.net:27017 to client view of cluster
2024-11-21T21:15:37.952+05:30  INFO 17509 --- [service] [           main] eAuthenticationProviderManagerConfigurer : Global AuthenticationManager configured with AuthenticationProvider bean with name authenticationProvider
2024-11-21T21:15:37.953+05:30  WARN 17509 --- [service] [           main] r$InitializeUserDetailsManagerConfigurer : Global AuthenticationManager configured with an AuthenticationProvider bean. UserDetailsService beans will not be used for username/password login. Consider removing the AuthenticationProvider bean. Alternatively, consider using the UserDetailsService in a manually instantiated DaoAuthenticationProvider.
2024-11-21T21:15:38.015+05:30 DEBUG 17509 --- [service] [           main] .PrePostAnnotationSecurityMetadataSource : @org.springframework.security.access.prepost.PreAuthorize("hasRole(\'USER\') or hasRole(\'MODERATOR\') or hasRole(\'ADMIN\')") found on specific method: public java.lang.String studio.ksprateek.service.controller.TestController.userAccess()
2024-11-21T21:15:38.018+05:30 DEBUG 17509 --- [service] [           main] m.DelegatingMethodSecurityMetadataSource : Caching method [CacheKey[studio.ksprateek.service.controller.TestController; public java.lang.String studio.ksprateek.service.controller.TestController.userAccess()]] with attributes [[authorize: 'hasRole('USER') or hasRole('MODERATOR') or hasRole('ADMIN')', filter: 'null', filterTarget: 'null']]
2024-11-21T21:15:38.034+05:30 DEBUG 17509 --- [service] [           main] .PrePostAnnotationSecurityMetadataSource : @org.springframework.security.access.prepost.PreAuthorize("hasRole(\'MODERATOR\')") found on specific method: public java.lang.String studio.ksprateek.service.controller.TestController.moderatorAccess()
2024-11-21T21:15:38.035+05:30 DEBUG 17509 --- [service] [           main] m.DelegatingMethodSecurityMetadataSource : Caching method [CacheKey[studio.ksprateek.service.controller.TestController; public java.lang.String studio.ksprateek.service.controller.TestController.moderatorAccess()]] with attributes [[authorize: 'hasRole('MODERATOR')', filter: 'null', filterTarget: 'null']]
2024-11-21T21:15:38.035+05:30 DEBUG 17509 --- [service] [           main] .PrePostAnnotationSecurityMetadataSource : @org.springframework.security.access.prepost.PreAuthorize("hasRole(\'ADMIN\')") found on specific method: public java.lang.String studio.ksprateek.service.controller.TestController.adminAccess()
2024-11-21T21:15:38.036+05:30 DEBUG 17509 --- [service] [           main] m.DelegatingMethodSecurityMetadataSource : Caching method [CacheKey[studio.ksprateek.service.controller.TestController; public java.lang.String studio.ksprateek.service.controller.TestController.adminAccess()]] with attributes [[authorize: 'hasRole('ADMIN')', filter: 'null', filterTarget: 'null']]
2024-11-21T21:15:38.540+05:30 DEBUG 17509 --- [service] [           main] o.s.s.web.DefaultSecurityFilterChain     : Will secure any request with filters: DisableEncodeUrlFilter, WebAsyncManagerIntegrationFilter, SecurityContextHolderFilter, HeaderWriterFilter, LogoutFilter, AuthTokenFilter, RequestCacheAwareFilter, SecurityContextHolderAwareRequestFilter, AnonymousAuthenticationFilter, SessionManagementFilter, ExceptionTranslationFilter, AuthorizationFilter
2024-11-21T21:15:38.823+05:30  INFO 17509 --- [service] [ngodb.net:27017] org.mongodb.driver.cluster               : Monitor thread successfully connected to server with description ServerDescription{address=sih-cluster-shard-00-02.clkcp.mongodb.net:27017, type=REPLICA_SET_SECONDARY, state=CONNECTED, ok=true, minWireVersion=0, maxWireVersion=25, maxDocumentSize=16777216, logicalSessionTimeoutMinutes=30, roundTripTimeNanos=405160977, setName='atlas-s4oy5n-shard-0', canonicalAddress=sih-cluster-shard-00-02.clkcp.mongodb.net:27017, hosts=[sih-cluster-shard-00-01.clkcp.mongodb.net:27017, sih-cluster-shard-00-02.clkcp.mongodb.net:27017, sih-cluster-shard-00-00.clkcp.mongodb.net:27017], passives=[], arbiters=[], primary='sih-cluster-shard-00-01.clkcp.mongodb.net:27017', tagSet=TagSet{[Tag{name='availabilityZone', value='aps1-az2'}, Tag{name='diskState', value='READY'}, Tag{name='nodeType', value='ELECTABLE'}, Tag{name='provider', value='AWS'}, Tag{name='region', value='AP_SOUTH_1'}, Tag{name='workloadType', value='OPERATIONAL'}]}, electionId=null, setVersion=164, topologyVersion=TopologyVersion{processId=673b603f6c0a5924a4a7d68c, counter=4}, lastWriteDate=Thu Nov 21 21:15:38 IST 2024, lastUpdateTimeNanos=711790466240}
2024-11-21T21:15:38.823+05:30  INFO 17509 --- [service] [ngodb.net:27017] org.mongodb.driver.cluster               : Monitor thread successfully connected to server with description ServerDescription{address=sih-cluster-shard-00-00.clkcp.mongodb.net:27017, type=REPLICA_SET_SECONDARY, state=CONNECTED, ok=true, minWireVersion=0, maxWireVersion=25, maxDocumentSize=16777216, logicalSessionTimeoutMinutes=30, roundTripTimeNanos=391685356, setName='atlas-s4oy5n-shard-0', canonicalAddress=sih-cluster-shard-00-00.clkcp.mongodb.net:27017, hosts=[sih-cluster-shard-00-01.clkcp.mongodb.net:27017, sih-cluster-shard-00-02.clkcp.mongodb.net:27017, sih-cluster-shard-00-00.clkcp.mongodb.net:27017], passives=[], arbiters=[], primary='sih-cluster-shard-00-01.clkcp.mongodb.net:27017', tagSet=TagSet{[Tag{name='availabilityZone', value='aps1-az1'}, Tag{name='diskState', value='READY'}, Tag{name='nodeType', value='ELECTABLE'}, Tag{name='provider', value='AWS'}, Tag{name='region', value='AP_SOUTH_1'}, Tag{name='workloadType', value='OPERATIONAL'}]}, electionId=null, setVersion=164, topologyVersion=TopologyVersion{processId=673b5fac6fad6c8a65a89590, counter=5}, lastWriteDate=Thu Nov 21 21:15:38 IST 2024, lastUpdateTimeNanos=711793843248}
2024-11-21T21:15:38.859+05:30  INFO 17509 --- [service] [ngodb.net:27017] org.mongodb.driver.cluster               : Monitor thread successfully connected to server with description ServerDescription{address=sih-cluster-shard-00-01.clkcp.mongodb.net:27017, type=REPLICA_SET_PRIMARY, state=CONNECTED, ok=true, minWireVersion=0, maxWireVersion=25, maxDocumentSize=16777216, logicalSessionTimeoutMinutes=30, roundTripTimeNanos=291819322, setName='atlas-s4oy5n-shard-0', canonicalAddress=sih-cluster-shard-00-01.clkcp.mongodb.net:27017, hosts=[sih-cluster-shard-00-01.clkcp.mongodb.net:27017, sih-cluster-shard-00-02.clkcp.mongodb.net:27017, sih-cluster-shard-00-00.clkcp.mongodb.net:27017], passives=[], arbiters=[], primary='sih-cluster-shard-00-01.clkcp.mongodb.net:27017', tagSet=TagSet{[Tag{name='availabilityZone', value='aps1-az3'}, Tag{name='diskState', value='READY'}, Tag{name='nodeType', value='ELECTABLE'}, Tag{name='provider', value='AWS'}, Tag{name='region', value='AP_SOUTH_1'}, Tag{name='workloadType', value='OPERATIONAL'}]}, electionId=7fffffff00000000000001fe, setVersion=164, topologyVersion=TopologyVersion{processId=673b5ff65f8da0c0830f32d9, counter=7}, lastWriteDate=Thu Nov 21 21:15:38 IST 2024, lastUpdateTimeNanos=711829609483}
2024-11-21T21:15:38.860+05:30  INFO 17509 --- [service] [ngodb.net:27017] org.mongodb.driver.cluster               : Discovered replica set primary sih-cluster-shard-00-01.clkcp.mongodb.net:27017 with max election id 7fffffff00000000000001fe and max set version 164
2024-11-21T21:15:39.076+05:30  INFO 17509 --- [service] [           main] s.k.service.ServiceApplicationTests      : Started ServiceApplicationTests in 4.081 seconds (process running for 5.331)
]]></system-out>
    <system-err><![CDATA[WARNING: A Java agent has been loaded dynamically (/home/ksprateek/.m2/repository/net/bytebuddy/byte-buddy-agent/1.14.19/byte-buddy-agent-1.14.19.jar)
WARNING: If a serviceability tool is in use, please run with -XX:+EnableDynamicAgentLoading to hide this warning
WARNING: If a serviceability tool is not in use, please run with -Djdk.instrument.traceUsage for more information
WARNING: Dynamic loading of agents will be disallowed by default in a future release
]]></system-err>
  </testcase>
</testsuite>